<?xml version="1.0" encoding="UTF-8"?>
<!-- Generated by org.testng.reporters.JUnitReportReporter -->
<testsuite skipped="0" hostname="DESKTOP-2P586EE" name="TestGet3" tests="3" failures="0" timestamp="27 Jan 2022 21:49:17 GMT" time="3.971" errors="0">
  <testcase name="TC01_printUserEmail" time="2.996" classname="TestGet3"/>
  <testcase name="TC02_GetUserPosts" time="0.385" classname="TestGet3"/>
  <testcase name="TC03_UserPostNew" time="0.590" classname="TestGet3"/>
</testsuite> <!-- TestGet3 -->
