<?xml version="1.0" encoding="UTF-8"?>
<!-- Generated by org.testng.reporters.JUnitReportReporter -->
<testsuite skipped="0" hostname="DESKTOP-2P586EE" name="TestGet" tests="1" failures="0" timestamp="25 Jan 2022 22:56:13 GMT" time="2.320" errors="0">
  <testcase name="testGet" time="2.320" classname="TestGet"/>
</testsuite> <!-- TestGet -->
