<?xml version="1.0" encoding="UTF-8"?>
<!-- Generated by org.testng.reporters.JUnitReportReporter -->
<testsuite skipped="0" hostname="DESKTOP-2P586EE" name="API3TC" tests="3" failures="0" timestamp="30 Jan 2022 10:54:26 GMT" time="4.776" errors="0">
  <testcase name="TC01_printUserEmail" time="3.575" classname="API3TC"/>
  <testcase name="TC02_GetUserPosts" time="0.616" classname="API3TC"/>
  <testcase name="TC03_UserPostNew" time="0.585" classname="API3TC"/>
</testsuite> <!-- API3TC -->
