<?xml version="1.0" encoding="UTF-8"?>
<!-- Generated by org.testng.reporters.JUnitReportReporter -->
<testsuite skipped="0" hostname="DESKTOP-2P586EE" name="APILess1_1Get" tests="1" failures="0" timestamp="27 Jan 2022 15:22:24 GMT" time="2.460" errors="0">
  <testcase name="testGet" time="2.460" classname="APILess1_1Get"/>
</testsuite> <!-- APILess1_1Get -->
