<?xml version="1.0" encoding="UTF-8"?>
<!-- Generated by org.testng.reporters.JUnitReportReporter -->
<testsuite skipped="0" hostname="DESKTOP-2P586EE" name="APILess2_1Get" tests="2" failures="0" timestamp="27 Jan 2022 20:57:18 GMT" time="3.009" errors="0">
  <testcase name="Test_1" time="2.994" classname="APILess2_1Get"/>
  <testcase name="Post" time="0.015" classname="APILess2_1Get"/>
</testsuite> <!-- APILess2_1Get -->
