<?xml version="1.0" encoding="UTF-8"?>
<!-- Generated by org.testng.reporters.JUnitReportReporter -->
<testsuite skipped="0" hostname="DESKTOP-2P586EE" name="APILess1_2Get2" tests="2" failures="0" timestamp="27 Jan 2022 16:01:24 GMT" time="3.293" errors="0">
  <testcase name="testGet_02" time="1.058" classname="APILess1_2Get2"/>
  <testcase name="testGet_01" time="2.235" classname="APILess1_2Get2"/>
</testsuite> <!-- APILess1_2Get2 -->
